<?xml version="1.0" encoding="UTF-8"?>
<!-- Generated by org.testng.reporters.JUnitReportReporter -->
<testsuite hostname="DESKTOP-PE5C432" failures="0" tests="1" name="com.bridgelabz.testing.NavigationForBrowser" time="66.225" errors="0" timestamp="2022-08-26T10:53:21 IST" skipped="0">
  <testcase classname="com.bridgelabz.testing.NavigationForBrowser" name="browseNavigation" time="66.225"/>
  <system-out/>
</testsuite> <!-- com.bridgelabz.testing.NavigationForBrowser -->
