<?xml version="1.0" encoding="UTF-8"?>
<!-- Generated by org.testng.reporters.JUnitReportReporter -->
<testsuite hostname="DESKTOP-PE5C432" failures="0" tests="1" name="com.bridgelabz.loginandsignup.TestingLogInCreditionals" time="22.088" errors="0" timestamp="2022-08-26T19:48:34 IST" skipped="0">
  <testcase classname="com.bridgelabz.loginandsignup.TestingLogInCreditionals" name="testingLogInCreditionals" time="22.088"/>
  <system-out/>
</testsuite> <!-- com.bridgelabz.loginandsignup.TestingLogInCreditionals -->
