<?xml version="1.0" encoding="UTF-8"?>
<!-- Generated by org.testng.reporters.JUnitReportReporter -->
<testsuite hostname="DESKTOP-PE5C432" failures="0" tests="1" name="com.bridgelabz.findelementsbyxpath.FindElementsByXpath" time="28.615" errors="0" timestamp="2022-08-26T20:31:06 IST" skipped="0">
  <testcase classname="com.bridgelabz.findelementsbyxpath.FindElementsByXpath" name="logInCreditionalsByXpath" time="28.615"/>
  <system-out/>
</testsuite> <!-- com.bridgelabz.findelementsbyxpath.FindElementsByXpath -->
