<?xml version="1.0" encoding="UTF-8"?>
<!-- Generated by org.testng.reporters.JUnitReportReporter -->
<testsuite hostname="DESKTOP-PE5C432" failures="0" tests="1" name="com.bridgelabz.facebooktestcasses.TestingFacebookWebsite" time="46.549" errors="0" timestamp="2022-08-26T10:50:32 IST" skipped="0">
  <testcase classname="com.bridgelabz.facebooktestcasses.TestingFacebookWebsite" name="testingFacebook" time="46.549"/>
  <system-out/>
</testsuite> <!-- com.bridgelabz.facebooktestcasses.TestingFacebookWebsite -->
