<?xml version="1.0" encoding="UTF-8"?>
<!-- Generated by org.testng.reporters.JUnitReportReporter -->
<testsuite hostname="DESKTOP-PE5C432" failures="0" tests="1" name="com.bridgelabz.keyboardandmouseoperations.OperationsOfKeyboardAndMouse" time="28.107" errors="0" timestamp="2022-08-26T19:58:19 IST" skipped="0">
  <testcase classname="com.bridgelabz.keyboardandmouseoperations.OperationsOfKeyboardAndMouse" name="TestingWithSelenium" time="28.107"/>
  <system-out/>
</testsuite> <!-- com.bridgelabz.keyboardandmouseoperations.OperationsOfKeyboardAndMouse -->
