<?xml version="1.0" encoding="UTF-8"?>
<!-- Generated by org.testng.reporters.JUnitReportReporter -->
<testsuite hostname="DESKTOP-PE5C432" failures="0" tests="1" name="com.bridgelabz.screenshotcaptured.CapturingScreenshot" time="20.140" errors="0" timestamp="2022-08-26T19:52:27 IST" skipped="0">
  <testcase classname="com.bridgelabz.screenshotcaptured.CapturingScreenshot" name="capturedScreenshot" time="20.140"/>
  <system-out/>
</testsuite> <!-- com.bridgelabz.screenshotcaptured.CapturingScreenshot -->
